2021-11-05 14:44:03,826 - robot.logger - INFO - drl_robot\20211105184403 vs. random_bot, self_play=True
2021-11-05 14:44:03,965 - robot.logger - INFO - 
[[ 0.    0.    0.    0.    0.    0.    0.    0.    0.    0.  ]
 [ 0.12 -0.1  -0.01  0.03 -0.02  0.04  0.05  0.01  0.05 -0.08]
 [ 0.25 -0.04 -0.01  0.11  0.07  0.06 -0.14  0.08  0.15 -0.1 ]
 [ 0.29 -0.07 -0.02  0.15 -0.12 -0.01 -0.08  0.15  0.11 -0.22]
 [ 0.18 -0.11  0.06 -0.03 -0.12  0.07 -0.11  0.05  0.   -0.04]
 [ 0.09 -0.01  0.01  0.02 -0.15  0.01 -0.18  0.18  0.13 -0.02]
 [ 0.11 -0.03  0.04 -0.03  0.01 -0.04 -0.02  0.07 -0.03  0.09]
 [ 0.19 -0.05  0.03  0.    0.    0.11 -0.14  0.19  0.18 -0.09]]
2021-11-05 14:44:04,782 - robot.logger - INFO - episode: 1/100, score =  1 -  3 = -2, e: 1.000, average_score: -0.02, average_reward: -0.018, play: 0.8 s., train: 0.0 s.
2021-11-05 14:44:07,142 - robot.logger - INFO - episode: 2/100, score =  3 -  3 =  0, e: 0.990, average_score: -0.02, average_reward: -0.034, play: 0.8 s., train: 1.6 s.
2021-11-05 14:44:08,100 - robot.logger - INFO - episode: 3/100, score =  1 -  6 = -5, e: 0.980, average_score: -0.07, average_reward: -0.049, play: 0.8 s., train: 0.2 s.
2021-11-05 14:44:09,096 - robot.logger - INFO - episode: 4/100, score =  2 -  1 =  1, e: 0.970, average_score: -0.06, average_reward: -0.063, play: 0.8 s., train: 0.2 s.
2021-11-05 14:44:10,033 - robot.logger - INFO - episode: 5/100, score =  1 -  3 = -2, e: 0.961, average_score: -0.08, average_reward: -0.077, play: 0.8 s., train: 0.2 s.
2021-11-05 14:44:11,012 - robot.logger - INFO - episode: 6/100, score =  2 -  2 =  0, e: 0.951, average_score: -0.08, average_reward: -0.089, play: 0.8 s., train: 0.2 s.
2021-11-05 14:44:12,080 - robot.logger - INFO - episode: 7/100, score =  4 -  4 =  0, e: 0.941, average_score: -0.08, average_reward: -0.097, play: 0.9 s., train: 0.2 s.
2021-11-05 14:44:13,222 - robot.logger - INFO - episode: 8/100, score =  3 -  2 =  1, e: 0.932, average_score: -0.07, average_reward: -0.107, play: 1.0 s., train: 0.2 s.
2021-11-05 14:44:14,211 - robot.logger - INFO - episode: 9/100, score =  1 -  3 = -2, e: 0.923, average_score: -0.09, average_reward: -0.116, play: 0.8 s., train: 0.2 s.
2021-11-05 14:44:15,150 - robot.logger - INFO - episode: 10/100, score =  3 -  3 =  0, e: 0.914, average_score: -0.08, average_reward: -0.124, play: 0.8 s., train: 0.1 s.
2021-11-05 14:44:16,167 - robot.logger - INFO - episode: 11/100, score =  2 -  3 = -1, e: 0.904, average_score: -0.09, average_reward: -0.132, play: 0.8 s., train: 0.2 s.
2021-11-05 14:44:17,201 - robot.logger - INFO - episode: 12/100, score =  4 -  5 = -1, e: 0.895, average_score: -0.10, average_reward: -0.138, play: 0.9 s., train: 0.2 s.
2021-11-05 14:44:18,162 - robot.logger - INFO - episode: 13/100, score =  2 -  3 = -1, e: 0.886, average_score: -0.11, average_reward: -0.146, play: 0.8 s., train: 0.2 s.
2021-11-05 14:44:19,134 - robot.logger - INFO - episode: 14/100, score =  3 -  4 = -1, e: 0.878, average_score: -0.12, average_reward: -0.150, play: 0.8 s., train: 0.2 s.
2021-11-05 14:44:20,057 - robot.logger - INFO - episode: 15/100, score =  2 -  1 =  1, e: 0.869, average_score: -0.11, average_reward: -0.157, play: 0.8 s., train: 0.2 s.
2021-11-05 14:44:21,069 - robot.logger - INFO - episode: 16/100, score =  2 -  2 =  0, e: 0.860, average_score: -0.11, average_reward: -0.162, play: 0.8 s., train: 0.2 s.
2021-11-05 14:44:22,101 - robot.logger - INFO - episode: 17/100, score =  4 -  3 =  1, e: 0.851, average_score: -0.10, average_reward: -0.166, play: 0.9 s., train: 0.2 s.
2021-11-05 14:44:23,079 - robot.logger - INFO - episode: 18/100, score =  3 -  3 =  0, e: 0.843, average_score: -0.10, average_reward: -0.171, play: 0.8 s., train: 0.2 s.
2021-11-05 14:44:24,063 - robot.logger - INFO - episode: 19/100, score =  4 -  4 =  0, e: 0.835, average_score: -0.10, average_reward: -0.171, play: 0.8 s., train: 0.1 s.
2021-11-05 14:44:25,044 - robot.logger - INFO - episode: 20/100, score =  4 -  6 = -2, e: 0.826, average_score: -0.11, average_reward: -0.172, play: 0.8 s., train: 0.2 s.
2021-11-05 14:44:26,044 - robot.logger - INFO - episode: 21/100, score =  5 -  3 =  2, e: 0.818, average_score: -0.09, average_reward: -0.174, play: 0.8 s., train: 0.2 s.
2021-11-05 14:44:27,038 - robot.logger - INFO - episode: 22/100, score =  1 -  4 = -3, e: 0.810, average_score: -0.12, average_reward: -0.179, play: 0.8 s., train: 0.2 s.
2021-11-05 14:44:28,027 - robot.logger - INFO - episode: 23/100, score =  3 -  1 =  2, e: 0.802, average_score: -0.10, average_reward: -0.182, play: 0.8 s., train: 0.1 s.
2021-11-05 14:44:28,998 - robot.logger - INFO - episode: 24/100, score =  3 -  2 =  1, e: 0.794, average_score: -0.09, average_reward: -0.185, play: 0.8 s., train: 0.2 s.
2021-11-05 14:44:29,977 - robot.logger - INFO - episode: 25/100, score =  3 -  2 =  1, e: 0.786, average_score: -0.08, average_reward: -0.187, play: 0.8 s., train: 0.1 s.
2021-11-05 14:44:30,993 - robot.logger - INFO - episode: 26/100, score =  1 -  1 =  0, e: 0.778, average_score: -0.08, average_reward: -0.188, play: 0.9 s., train: 0.2 s.
2021-11-05 14:44:32,157 - robot.logger - INFO - episode: 27/100, score =  1 -  2 = -1, e: 0.770, average_score: -0.09, average_reward: -0.189, play: 1.0 s., train: 0.2 s.
2021-11-05 14:44:33,181 - robot.logger - INFO - episode: 28/100, score =  4 -  5 = -1, e: 0.762, average_score: -0.10, average_reward: -0.190, play: 0.9 s., train: 0.2 s.
2021-11-05 14:44:34,171 - robot.logger - INFO - episode: 29/100, score =  3 -  1 =  2, e: 0.755, average_score: -0.08, average_reward: -0.191, play: 0.8 s., train: 0.2 s.
2021-11-05 14:44:35,143 - robot.logger - INFO - episode: 30/100, score =  4 -  4 =  0, e: 0.747, average_score: -0.07, average_reward: -0.191, play: 0.8 s., train: 0.2 s.
2021-11-05 14:44:36,121 - robot.logger - INFO - episode: 31/100, score =  2 -  3 = -1, e: 0.740, average_score: -0.08, average_reward: -0.193, play: 0.8 s., train: 0.2 s.
2021-11-05 14:44:37,387 - robot.logger - INFO - episode: 32/100, score =  4 -  3 =  1, e: 0.732, average_score: -0.07, average_reward: -0.191, play: 0.9 s., train: 0.4 s.
2021-11-05 14:44:38,394 - robot.logger - INFO - episode: 33/100, score =  4 -  3 =  1, e: 0.725, average_score: -0.06, average_reward: -0.190, play: 0.8 s., train: 0.2 s.
2021-11-05 14:44:39,384 - robot.logger - INFO - episode: 34/100, score =  0 -  3 = -3, e: 0.718, average_score: -0.09, average_reward: -0.191, play: 0.8 s., train: 0.2 s.
2021-11-05 14:44:40,374 - robot.logger - INFO - episode: 35/100, score =  5 -  5 =  0, e: 0.711, average_score: -0.09, average_reward: -0.188, play: 0.8 s., train: 0.2 s.
2021-11-05 14:44:41,449 - robot.logger - INFO - episode: 36/100, score =  4 -  1 =  3, e: 0.703, average_score: -0.06, average_reward: -0.188, play: 0.9 s., train: 0.2 s.
2021-11-05 14:44:42,498 - robot.logger - INFO - episode: 37/100, score =  5 -  4 =  1, e: 0.696, average_score: -0.05, average_reward: -0.186, play: 0.9 s., train: 0.2 s.
2021-11-05 14:44:43,508 - robot.logger - INFO - episode: 38/100, score =  3 -  4 = -1, e: 0.689, average_score: -0.06, average_reward: -0.185, play: 0.8 s., train: 0.2 s.
2021-11-05 14:44:44,580 - robot.logger - INFO - episode: 39/100, score =  1 -  5 = -4, e: 0.683, average_score: -0.10, average_reward: -0.185, play: 0.9 s., train: 0.2 s.
2021-11-05 14:44:45,611 - robot.logger - INFO - episode: 40/100, score =  2 -  3 = -1, e: 0.676, average_score: -0.11, average_reward: -0.183, play: 0.9 s., train: 0.2 s.
2021-11-05 14:44:46,711 - robot.logger - INFO - episode: 41/100, score =  3 -  2 =  1, e: 0.669, average_score: -0.10, average_reward: -0.184, play: 0.9 s., train: 0.2 s.
2021-11-05 14:44:47,774 - robot.logger - INFO - episode: 42/100, score =  7 -  7 =  0, e: 0.662, average_score: -0.10, average_reward: -0.180, play: 0.9 s., train: 0.2 s.
2021-11-05 14:44:48,783 - robot.logger - INFO - episode: 43/100, score =  3 -  4 = -1, e: 0.656, average_score: -0.10, average_reward: -0.180, play: 0.8 s., train: 0.2 s.
2021-11-05 14:44:49,787 - robot.logger - INFO - episode: 44/100, score =  5 -  4 =  1, e: 0.649, average_score: -0.09, average_reward: -0.178, play: 0.8 s., train: 0.2 s.
2021-11-05 14:44:50,772 - robot.logger - INFO - episode: 45/100, score =  5 -  6 = -1, e: 0.643, average_score: -0.10, average_reward: -0.177, play: 0.8 s., train: 0.2 s.
2021-11-05 14:44:51,862 - robot.logger - INFO - episode: 46/100, score =  1 -  5 = -4, e: 0.636, average_score: -0.14, average_reward: -0.175, play: 0.9 s., train: 0.2 s.
2021-11-05 14:44:52,911 - robot.logger - INFO - episode: 47/100, score =  4 -  3 =  1, e: 0.630, average_score: -0.13, average_reward: -0.173, play: 0.9 s., train: 0.2 s.
2021-11-05 14:44:53,914 - robot.logger - INFO - episode: 48/100, score =  2 -  5 = -3, e: 0.624, average_score: -0.16, average_reward: -0.174, play: 0.8 s., train: 0.2 s.
2021-11-05 14:44:54,883 - robot.logger - INFO - episode: 49/100, score =  4 -  5 = -1, e: 0.617, average_score: -0.17, average_reward: -0.173, play: 0.8 s., train: 0.2 s.
2021-11-05 14:44:55,924 - robot.logger - INFO - episode: 50/100, score =  5 -  5 =  0, e: 0.611, average_score: -0.17, average_reward: -0.171, play: 0.9 s., train: 0.2 s.
2021-11-05 14:44:55,961 - robot.logger - INFO - 
[[ 0.95  0.92  0.97  0.92  0.94  1.23  0.97  0.96  0.92 -1.02]
 [ 0.57  0.2   0.36  0.54  0.85  1.28  0.92  0.78  0.93 -1.04]
 [ 0.89  0.94  0.94  0.92  0.9   0.92  0.88  0.92  1.22 -1.01]
 [-0.37 -0.6  -0.47 -0.26 -0.92 -0.71 -0.74 -0.82 -0.91 -0.99]
 [ 0.88  0.87  1.09  0.87  1.07  0.96  0.94  0.83  0.91 -0.99]
 [ 0.99  0.92  1.    0.91  0.96  1.24  0.94  1.04  0.96 -1.03]
 [ 1.01  1.    1.09  0.93  1.02  1.03  1.16  0.93  0.88 -1.01]
 [ 0.86  0.85  0.95  0.82  0.9   1.22  0.88  0.95  0.87 -0.99]]
2021-11-05 14:45:00,826 - robot.logger - INFO - vs. random_bot: 7-3-0, average score = 3.4 - 2.1 = 1.2999999999999998, 4.9 s.
2021-11-05 14:45:01,884 - robot.logger - INFO - episode: 51/100, score =  4 -  5 = -1, e: 0.605, average_score: -0.17, average_reward: -0.171, play: 0.9 s., train: 0.2 s.
2021-11-05 14:45:02,928 - robot.logger - INFO - episode: 52/100, score =  4 -  4 =  0, e: 0.599, average_score: -0.17, average_reward: -0.171, play: 0.9 s., train: 0.2 s.
2021-11-05 14:45:03,896 - robot.logger - INFO - episode: 53/100, score =  3 -  4 = -1, e: 0.593, average_score: -0.18, average_reward: -0.172, play: 0.8 s., train: 0.2 s.
2021-11-05 14:45:04,890 - robot.logger - INFO - episode: 54/100, score =  5 -  3 =  2, e: 0.587, average_score: -0.16, average_reward: -0.169, play: 0.8 s., train: 0.1 s.
2021-11-05 14:45:05,886 - robot.logger - INFO - episode: 55/100, score =  5 -  7 = -2, e: 0.581, average_score: -0.18, average_reward: -0.169, play: 0.8 s., train: 0.2 s.
2021-11-05 14:45:07,234 - robot.logger - INFO - episode: 56/100, score =  3 -  6 = -3, e: 0.575, average_score: -0.21, average_reward: -0.165, play: 1.2 s., train: 0.2 s.
2021-11-05 14:45:08,252 - robot.logger - INFO - episode: 57/100, score =  6 -  5 =  1, e: 0.570, average_score: -0.19, average_reward: -0.164, play: 0.9 s., train: 0.2 s.
2021-11-05 14:45:09,298 - robot.logger - INFO - episode: 58/100, score =  4 -  2 =  2, e: 0.564, average_score: -0.17, average_reward: -0.161, play: 0.9 s., train: 0.1 s.
2021-11-05 14:45:10,302 - robot.logger - INFO - episode: 59/100, score =  6 -  2 =  4, e: 0.558, average_score: -0.13, average_reward: -0.160, play: 0.8 s., train: 0.2 s.
2021-11-05 14:45:11,341 - robot.logger - INFO - episode: 60/100, score =  5 -  4 =  1, e: 0.553, average_score: -0.12, average_reward: -0.161, play: 0.9 s., train: 0.2 s.
2021-11-05 14:45:12,390 - robot.logger - INFO - episode: 61/100, score =  3 -  2 =  1, e: 0.547, average_score: -0.11, average_reward: -0.162, play: 0.9 s., train: 0.2 s.
2021-11-05 14:45:13,402 - robot.logger - INFO - episode: 62/100, score =  1 -  4 = -3, e: 0.542, average_score: -0.14, average_reward: -0.163, play: 0.9 s., train: 0.2 s.
2021-11-05 14:45:14,447 - robot.logger - INFO - episode: 63/100, score =  4 -  4 =  0, e: 0.536, average_score: -0.13, average_reward: -0.159, play: 0.9 s., train: 0.1 s.
2021-11-05 14:45:15,482 - robot.logger - INFO - episode: 64/100, score =  4 -  4 =  0, e: 0.531, average_score: -0.13, average_reward: -0.157, play: 0.9 s., train: 0.2 s.
2021-11-05 14:45:16,596 - robot.logger - INFO - episode: 65/100, score =  6 -  3 =  3, e: 0.526, average_score: -0.10, average_reward: -0.156, play: 0.9 s., train: 0.2 s.
2021-11-05 14:45:17,662 - robot.logger - INFO - episode: 66/100, score =  4 -  8 = -4, e: 0.520, average_score: -0.14, average_reward: -0.153, play: 0.9 s., train: 0.2 s.
2021-11-05 14:45:18,726 - robot.logger - INFO - episode: 67/100, score =  4 -  5 = -1, e: 0.515, average_score: -0.15, average_reward: -0.152, play: 0.9 s., train: 0.2 s.
2021-11-05 14:45:19,740 - robot.logger - INFO - episode: 68/100, score =  5 -  5 =  0, e: 0.510, average_score: -0.15, average_reward: -0.151, play: 0.8 s., train: 0.2 s.
2021-11-05 14:45:20,718 - robot.logger - INFO - episode: 69/100, score =  5 -  5 =  0, e: 0.505, average_score: -0.15, average_reward: -0.150, play: 0.8 s., train: 0.2 s.
2021-11-05 14:45:21,806 - robot.logger - INFO - episode: 70/100, score =  5 -  7 = -2, e: 0.500, average_score: -0.17, average_reward: -0.148, play: 0.9 s., train: 0.2 s.
2021-11-05 14:45:22,806 - robot.logger - INFO - episode: 71/100, score =  5 -  8 = -3, e: 0.495, average_score: -0.19, average_reward: -0.148, play: 0.8 s., train: 0.2 s.
2021-11-05 14:45:23,811 - robot.logger - INFO - episode: 72/100, score =  6 -  7 = -1, e: 0.490, average_score: -0.20, average_reward: -0.146, play: 0.8 s., train: 0.2 s.
2021-11-05 14:45:24,900 - robot.logger - INFO - episode: 73/100, score =  6 -  1 =  5, e: 0.485, average_score: -0.15, average_reward: -0.148, play: 0.9 s., train: 0.2 s.
2021-11-05 14:45:25,960 - robot.logger - INFO - episode: 74/100, score =  3 -  6 = -3, e: 0.480, average_score: -0.18, average_reward: -0.148, play: 0.9 s., train: 0.2 s.
2021-11-05 14:45:27,025 - robot.logger - INFO - episode: 75/100, score =  4 -  4 =  0, e: 0.475, average_score: -0.18, average_reward: -0.151, play: 0.8 s., train: 0.2 s.
2021-11-05 14:45:28,051 - robot.logger - INFO - episode: 76/100, score =  6 -  3 =  3, e: 0.471, average_score: -0.14, average_reward: -0.150, play: 0.9 s., train: 0.2 s.
2021-11-05 14:45:29,071 - robot.logger - INFO - episode: 77/100, score =  6 -  3 =  3, e: 0.466, average_score: -0.11, average_reward: -0.148, play: 0.9 s., train: 0.2 s.
2021-11-05 14:45:30,051 - robot.logger - INFO - episode: 78/100, score =  4 -  3 =  1, e: 0.461, average_score: -0.10, average_reward: -0.149, play: 0.8 s., train: 0.2 s.
2021-11-05 14:45:31,109 - robot.logger - INFO - episode: 79/100, score =  8 -  6 =  2, e: 0.457, average_score: -0.08, average_reward: -0.145, play: 0.9 s., train: 0.2 s.
2021-11-05 14:45:32,259 - robot.logger - INFO - episode: 80/100, score =  7 -  2 =  5, e: 0.452, average_score: -0.03, average_reward: -0.143, play: 1.0 s., train: 0.2 s.
2021-11-05 14:45:33,268 - robot.logger - INFO - episode: 81/100, score =  8 -  7 =  1, e: 0.448, average_score: -0.02, average_reward: -0.140, play: 0.9 s., train: 0.1 s.
2021-11-05 14:45:34,258 - robot.logger - INFO - episode: 82/100, score =  2 -  4 = -2, e: 0.443, average_score: -0.04, average_reward: -0.141, play: 0.8 s., train: 0.1 s.
2021-11-05 14:45:35,289 - robot.logger - INFO - episode: 83/100, score =  6 -  4 =  2, e: 0.439, average_score: -0.02, average_reward: -0.139, play: 0.9 s., train: 0.2 s.
2021-11-05 14:45:36,642 - robot.logger - INFO - episode: 84/100, score =  6 -  4 =  2, e: 0.434, average_score: 0.00, average_reward: -0.138, play: 0.9 s., train: 0.5 s.
2021-11-05 14:45:37,706 - robot.logger - INFO - episode: 85/100, score =  5 -  8 = -3, e: 0.430, average_score: -0.03, average_reward: -0.138, play: 0.9 s., train: 0.2 s.
2021-11-05 14:45:38,759 - robot.logger - INFO - episode: 86/100, score =  5 -  4 =  1, e: 0.426, average_score: -0.02, average_reward: -0.136, play: 0.9 s., train: 0.2 s.
2021-11-05 14:45:39,771 - robot.logger - INFO - episode: 87/100, score =  3 -  5 = -2, e: 0.421, average_score: -0.04, average_reward: -0.136, play: 0.9 s., train: 0.2 s.
2021-11-05 14:45:40,878 - robot.logger - INFO - episode: 88/100, score =  4 -  5 = -1, e: 0.417, average_score: -0.05, average_reward: -0.137, play: 0.9 s., train: 0.2 s.
2021-11-05 14:45:41,952 - robot.logger - INFO - episode: 89/100, score =  5 -  3 =  2, e: 0.413, average_score: -0.03, average_reward: -0.138, play: 0.9 s., train: 0.2 s.
2021-11-05 14:45:42,999 - robot.logger - INFO - episode: 90/100, score =  5 -  6 = -1, e: 0.409, average_score: -0.04, average_reward: -0.139, play: 0.9 s., train: 0.2 s.
2021-11-05 14:45:44,023 - robot.logger - INFO - episode: 91/100, score =  4 -  7 = -3, e: 0.405, average_score: -0.07, average_reward: -0.136, play: 0.9 s., train: 0.2 s.
2021-11-05 14:45:45,005 - robot.logger - INFO - episode: 92/100, score =  3 -  4 = -1, e: 0.401, average_score: -0.08, average_reward: -0.137, play: 0.8 s., train: 0.2 s.
2021-11-05 14:45:46,072 - robot.logger - INFO - episode: 93/100, score =  7 -  3 =  4, e: 0.397, average_score: -0.04, average_reward: -0.137, play: 0.9 s., train: 0.2 s.
2021-11-05 14:45:47,156 - robot.logger - INFO - episode: 94/100, score =  5 -  6 = -1, e: 0.393, average_score: -0.05, average_reward: -0.137, play: 0.9 s., train: 0.2 s.
2021-11-05 14:45:48,149 - robot.logger - INFO - episode: 95/100, score =  6 -  4 =  2, e: 0.389, average_score: -0.02, average_reward: -0.138, play: 0.8 s., train: 0.2 s.
2021-11-05 14:45:49,132 - robot.logger - INFO - episode: 96/100, score =  4 -  7 = -3, e: 0.385, average_score: -0.05, average_reward: -0.138, play: 0.8 s., train: 0.2 s.
2021-11-05 14:45:50,158 - robot.logger - INFO - episode: 97/100, score =  3 -  8 = -5, e: 0.381, average_score: -0.10, average_reward: -0.135, play: 0.9 s., train: 0.1 s.
2021-11-05 14:45:51,213 - robot.logger - INFO - episode: 98/100, score =  6 -  3 =  3, e: 0.377, average_score: -0.07, average_reward: -0.135, play: 0.9 s., train: 0.2 s.
2021-11-05 14:45:52,311 - robot.logger - INFO - episode: 99/100, score =  7 -  6 =  1, e: 0.373, average_score: -0.06, average_reward: -0.134, play: 0.9 s., train: 0.2 s.
2021-11-05 14:45:53,333 - robot.logger - INFO - episode: 100/100, score =  7 -  3 =  4, e: 0.370, average_score: -0.02, average_reward: -0.132, play: 0.9 s., train: 0.2 s.
2021-11-05 14:45:53,380 - robot.logger - INFO - 
[[ 1.44  1.43  1.41  1.38  1.39  1.43  1.4   1.42  1.41 -0.99]
 [ 0.86  0.5   0.83  0.42  1.35  1.45  1.34  1.38  1.45 -0.99]
 [ 1.44  1.42  1.38  1.39  1.39  1.4   1.39  1.41  1.43 -1.02]
 [-0.1  -0.46  0.06 -0.44 -1.04 -1.03 -1.03 -0.98 -1.04 -1.  ]
 [ 1.27  1.27  1.31  1.19  1.23  1.15  1.25  1.26  1.39 -0.92]
 [ 1.44  1.38  1.38  1.35  1.33  1.31  1.36  1.31  1.4  -1.04]
 [ 1.38  1.38  1.33  1.33  1.29  1.22  1.43  1.35  1.4  -0.91]
 [ 1.4   1.35  1.38  1.28  1.26  1.47  1.18  1.42  1.34 -0.96]]
2021-11-05 14:45:58,317 - robot.logger - INFO - vs. random_bot: 10-0-0, average score = 4.8 - 1.3 = 3.5, 4.9 s.
2021-11-05 14:45:58,317 - robot.logger - INFO - 1.144 s. per episode
